c:\users\yxc\desktop\database\final\naivedatabase\database\x64\debug\vc140.pdb
c:\users\yxc\desktop\database\final\naivedatabase\database\x64\debug\vc140.idb
c:\users\yxc\desktop\database\final\naivedatabase\database\x64\debug\ix_manager.obj
c:\users\yxc\desktop\database\final\naivedatabase\database\x64\debug\main.obj
c:\users\yxc\desktop\database\final\naivedatabase\database\x64\debug\parser.obj
c:\users\yxc\desktop\database\final\naivedatabase\database\x64\debug\bison_parser.obj
c:\users\yxc\desktop\database\final\naivedatabase\database\x64\debug\flex_lexer.obj
c:\users\yxc\desktop\database\final\naivedatabase\database\x64\debug\sqlhelper.obj
c:\users\yxc\desktop\database\final\naivedatabase\database\x64\debug\sqlparser.obj
c:\users\yxc\desktop\database\final\naivedatabase\database\x64\debug\sqlparserresult.obj
c:\users\yxc\desktop\database\final\naivedatabase\database\x64\debug\destruct.obj
c:\users\yxc\desktop\database\final\naivedatabase\database\x64\debug\expr.obj
c:\users\yxc\desktop\database\final\naivedatabase\database\x64\debug\ql_manager.obj
c:\users\yxc\desktop\database\final\naivedatabase\database\x64\debug\rm_manager.obj
c:\users\yxc\desktop\database\final\naivedatabase\database\x64\debug\sm_manager.obj
c:\users\yxc\desktop\database\final\naivedatabase\database\x64\debug\mybitmap.obj
c:\users\yxc\desktop\database\final\naivedatabase\x64\debug\database.ilk
c:\users\yxc\desktop\database\final\naivedatabase\x64\debug\database.exe
c:\users\yxc\desktop\database\final\naivedatabase\x64\debug\database.pdb
c:\users\yxc\desktop\database\final\naivedatabase\database\x64\debug\ix_manager.obj.enc
c:\users\yxc\desktop\database\final\naivedatabase\database\x64\debug\database.tlog\cl.command.1.tlog
c:\users\yxc\desktop\database\final\naivedatabase\database\x64\debug\database.tlog\cl.read.1.tlog
c:\users\yxc\desktop\database\final\naivedatabase\database\x64\debug\database.tlog\cl.write.1.tlog
c:\users\yxc\desktop\database\final\naivedatabase\database\x64\debug\database.tlog\link.command.1.tlog
c:\users\yxc\desktop\database\final\naivedatabase\database\x64\debug\database.tlog\link.read.1.tlog
c:\users\yxc\desktop\database\final\naivedatabase\database\x64\debug\database.tlog\link.write.1.tlog
